<?xml version="1.0" encoding="UTF-8" ?>
<testsuites>
  <testsuite errors="0" failures="0" hostname="Sumites-MacBook-Pro.local" id="0" name="AnalystTest" package="OODRefCwk" skipped="0" tests="1" time="0.093" timestamp="2018-06-10T14:59:55">
      <properties>
[...]
</properties>

      <testcase classname="OODRefCwk.AnalystTest" name="testSomeMethod" time="0.003" />

      <system-out><![CDATA[]]></system-out>

      <system-err><![CDATA[]]></system-err>

  </testsuite>
  <testsuite errors="0" failures="0" hostname="Sumites-MacBook-Pro.local" id="1" name="ManagementGeneral" package="OODRefCwk" skipped="0" tests="15" time="0.35" timestamp="2018-06-21T16:06:26">
      <properties>
[...]
</properties>

      <testcase classname="OODRefCwk.ManagementGeneral" name="checkDetailsOfNonExistantJohn" time="0.014" />

      <testcase classname="OODRefCwk.ManagementGeneral" name="isNotOverdrawnAtStart" time="0.001" />

      <testcase classname="OODRefCwk.ManagementGeneral" name="checkDetailsOfBob" time="0.002" />

      <testcase classname="OODRefCwk.ManagementGeneral" name="checkDetailsOfEla" time="0.001" />

      <testcase classname="OODRefCwk.ManagementGeneral" name="checkDetailsOfIan" time="0.0" />

      <testcase classname="OODRefCwk.ManagementGeneral" name="checkAccountAtStart" time="0.001" />

      <testcase classname="OODRefCwk.ManagementGeneral" name="checkAvailableStaffAtStart" time="0.001" />

      <testcase classname="OODRefCwk.ManagementGeneral" name="isNotInJobRange" time="0.001" />

      <testcase classname="OODRefCwk.ManagementGeneral" name="isInJobRange" time="0.001" />

      <testcase classname="OODRefCwk.ManagementGeneral" name="checkTeamAtStart" time="0.0" />

      <testcase classname="OODRefCwk.ManagementGeneral" name="Job106InAllJobs" time="0.0" />

      <testcase classname="OODRefCwk.ManagementGeneral" name="checkDetailsOfAlan" time="0.001" />

      <testcase classname="OODRefCwk.ManagementGeneral" name="checkDetailsOfCeri" time="0.0" />

      <testcase classname="OODRefCwk.ManagementGeneral" name="Job104InAllJobs" time="0.0" />

      <testcase classname="OODRefCwk.ManagementGeneral" name="Job100InAllJobs" time="0.0" />

      <system-out><![CDATA[Now adding objects to the collections...
Now adding objects to the collections...
Setting all staff available
Now adding objects to the collections...
Now adding objects to the collections...
Setting all staff available
Now adding objects to the collections...
Now adding objects to the collections...
Setting all staff available
Now adding objects to the collections...
Now adding objects to the collections...
Setting all staff available
Now adding objects to the collections...
Now adding objects to the collections...
Setting all staff available
Now adding objects to the collections...
Now adding objects to the collections...
Setting all staff available
Now adding objects to the collections...
Now adding objects to the collections...
Setting all staff available
Now adding objects to the collections...
Now adding objects to the collections...
Setting all staff available
Now adding objects to the collections...
Now adding objects to the collections...
Setting all staff available
Now adding objects to the collections...
Now adding objects to the collections...
Setting all staff available
Now adding objects to the collections...
Now adding objects to the collections...
Setting all staff available
Now adding objects to the collections...
Now adding objects to the collections...
Setting all staff available
Now adding objects to the collections...
Now adding objects to the collections...
Setting all staff available
Now adding objects to the collections...
Now adding objects to the collections...
Setting all staff available
Now adding objects to the collections...
Now adding objects to the collections...
Setting all staff available
]]></system-out>

      <system-err><![CDATA[]]></system-err>

  </testsuite>
  <testsuite errors="0" failures="0" hostname="Sumites-MacBook-Pro.local" id="2" name="ManagementHiring" package="OODRefCwk" skipped="0" tests="5" time="0.093" timestamp="2018-06-21T16:06:26">
      <properties>
[...]
</properties>

      <testcase classname="OODRefCwk.ManagementHiring" name="notEnoughMoney" time="0.012" />

      <testcase classname="OODRefCwk.ManagementHiring" name="hireStaff" time="0.001" />

      <testcase classname="OODRefCwk.ManagementHiring" name="hiredStaffNotAvailable" time="0.001" />

      <testcase classname="OODRefCwk.ManagementHiring" name="notSuchStaff" time="0.001" />

      <testcase classname="OODRefCwk.ManagementHiring" name="hiredStaffInTeam" time="0.001" />

      <system-out><![CDATA[Now adding objects to the collections...
Now adding objects to the collections...
Setting all staff available
Now adding objects to the collections...
Now adding objects to the collections...
Setting all staff available
Now adding objects to the collections...
Now adding objects to the collections...
Setting all staff available
Now adding objects to the collections...
Now adding objects to the collections...
Setting all staff available
Now adding objects to the collections...
Now adding objects to the collections...
Setting all staff available
]]></system-out>

      <system-err><![CDATA[]]></system-err>

  </testsuite>
  <testsuite errors="0" failures="0" hostname="Sumites-MacBook-Pro.local" id="3" name="ManagementJobsDoing" package="OODRefCwk" skipped="0" tests="16" time="0.164" timestamp="2018-06-21T16:06:27">
      <properties>
[...]
</properties>

      <testcase classname="OODRefCwk.ManagementJobsDoing" name="doingJobsInTeam1" time="0.015" />

      <testcase classname="OODRefCwk.ManagementJobsDoing" name="doingJobsInTeam2" time="0.001" />

      <testcase classname="OODRefCwk.ManagementJobsDoing" name="programmerDoingDesignNoExperience" time="0.001" />

      <testcase classname="OODRefCwk.ManagementJobsDoing" name="analystDoingDesignWithProgWithExp" time="0.0" />

      <testcase classname="OODRefCwk.ManagementJobsDoing" name="programmerDoingHardware" time="0.002" />

      <testcase classname="OODRefCwk.ManagementJobsDoing" name="technicianDoingHardwareNoExperience" time="0.001" />

      <testcase classname="OODRefCwk.ManagementJobsDoing" name="analystDoingSoftwareWithProgNoExp" time="0.001" />

      <testcase classname="OODRefCwk.ManagementJobsDoing" name="analystDoingSoftwareNoProg" time="0.0" />

      <testcase classname="OODRefCwk.ManagementJobsDoing" name="technicianDoingSoftware" time="0.0" />

      <testcase classname="OODRefCwk.ManagementJobsDoing" name="analystDoingHardware" time="0.0" />

      <testcase classname="OODRefCwk.ManagementJobsDoing" name="technicianDoingDesign" time="0.001" />

      <testcase classname="OODRefCwk.ManagementJobsDoing" name="technicianDoingHwareWithExperience" time="0.001" />

      <testcase classname="OODRefCwk.ManagementJobsDoing" name="programmerDoingSoftwareNoExperience" time="0.001" />

      <testcase classname="OODRefCwk.ManagementJobsDoing" name="programmerDoingSoftwareWithExp" time="0.003" />

      <testcase classname="OODRefCwk.ManagementJobsDoing" name="analystDoingDesignWithProgNoExp" time="0.001" />

      <testcase classname="OODRefCwk.ManagementJobsDoing" name="programmerDoingDesignWithExp" time="0.005" />

      <system-out><![CDATA[Now adding objects to the collections...
Now adding objects to the collections...
Setting all staff available
850.0
{1=800.0, 3=-150.0}
650.0
{2=-200.0}
300.0
{2=-350.0}
Now adding objects to the collections...
Now adding objects to the collections...
Setting all staff available
850.0
{1=800.0, 3=-150.0}
650.0
{2=-200.0}
500.0
{3=-150.0}
Now adding objects to the collections...
Now adding objects to the collections...
Setting all staff available
600.0
{2=-200.0}
Now adding objects to the collections...
Now adding objects to the collections...
Setting all staff available
1600.0
{1=900.0}
Now adding objects to the collections...
Now adding objects to the collections...
Setting all staff available
650.0
{3=-150.0}
Now adding objects to the collections...
Now adding objects to the collections...
Setting all staff available
750.0
{2=-150.0}
Now adding objects to the collections...
Now adding objects to the collections...
Setting all staff available
350.0
{2=-350.0}
Now adding objects to the collections...
Now adding objects to the collections...
Setting all staff available
550.0
{3=-150.0}
Now adding objects to the collections...
Now adding objects to the collections...
Setting all staff available
800.0
{3=-100.0}
Now adding objects to the collections...
Now adding objects to the collections...
Setting all staff available
550.0
{3=-150.0}
Now adding objects to the collections...
Now adding objects to the collections...
Setting all staff available
700.0
{3=-200.0}
Now adding objects to the collections...
Now adding objects to the collections...
Setting all staff available
1550.0
{1=800.0}
Now adding objects to the collections...
Now adding objects to the collections...
Setting all staff available
700.0
{2=-100.0}
Now adding objects to the collections...
Now adding objects to the collections...
Setting all staff available
1400.0
{1=600.0}
Now adding objects to the collections...
Now adding objects to the collections...
Setting all staff available
500.0
{2=-200.0}
Now adding objects to the collections...
Now adding objects to the collections...
Setting all staff available
1000.0
{1=200.0}
]]></system-out>

      <system-err><![CDATA[]]></system-err>

  </testsuite>
</testsuites>
