<?xml version="1.0" encoding="UTF-8" ?>
<testsuite errors="0" failures="0" hostname="Sumites-MacBook-Pro.local" name="OODRefCwk.ManagementGeneral" skipped="0" tests="15" time="0.145" timestamp="2018-06-16T00:13:43">
  <properties>
[...]
</properties>
  <testcase classname="OODRefCwk.ManagementGeneral" name="checkDetailsOfNonExistantJohn" time="0.01" />
  <testcase classname="OODRefCwk.ManagementGeneral" name="isNotOverdrawnAtStart" time="0.001" />
  <testcase classname="OODRefCwk.ManagementGeneral" name="checkDetailsOfBob" time="0.002" />
  <testcase classname="OODRefCwk.ManagementGeneral" name="checkDetailsOfEla" time="0.0" />
  <testcase classname="OODRefCwk.ManagementGeneral" name="checkDetailsOfIan" time="0.001" />
  <testcase classname="OODRefCwk.ManagementGeneral" name="checkAccountAtStart" time="0.0" />
  <testcase classname="OODRefCwk.ManagementGeneral" name="checkAvailableStaffAtStart" time="0.002" />
  <testcase classname="OODRefCwk.ManagementGeneral" name="isNotInJobRange" time="0.002" />
  <testcase classname="OODRefCwk.ManagementGeneral" name="isInJobRange" time="0.0" />
  <testcase classname="OODRefCwk.ManagementGeneral" name="checkTeamAtStart" time="0.001" />
  <testcase classname="OODRefCwk.ManagementGeneral" name="Job106InAllJobs" time="0.001" />
  <testcase classname="OODRefCwk.ManagementGeneral" name="checkDetailsOfAlan" time="0.001" />
  <testcase classname="OODRefCwk.ManagementGeneral" name="checkDetailsOfCeri" time="0.002" />
  <testcase classname="OODRefCwk.ManagementGeneral" name="Job104InAllJobs" time="0.0" />
  <testcase classname="OODRefCwk.ManagementGeneral" name="Job100InAllJobs" time="0.002" />
  <system-out><![CDATA[Now adding objects to the collections...
Now adding objects to the collections...
Setting all staff available
Now adding objects to the collections...
Now adding objects to the collections...
Setting all staff available
Now adding objects to the collections...
Now adding objects to the collections...
Setting all staff available
Staff name: Dan Experience level: 2 Retainer: 300 Hourly rate 20.0 State: Available ProgrammerStaff name: Hela Experience level: 8 Retainer: 450 Hourly rate 40.0 State: Available false TechnicianStaff name: Bob Experience level: 2 Retainer: 100 Hourly rate 30.0 State: Available false TechnicianStaff name: Fela Experience level: 6 Retainer: 300 Hourly rate 90.0 State: Available false AnalystStaff name: Ceri Experience level: 4 Retainer: 250 Hourly rate 40.0 State: Available true TechnicianStaff name: Alan Experience level: 2 Retainer: 300 Hourly rate 30.0 State: Available false AnalystStaff name: Ian Experience level: 4 Retainer: 300 Hourly rate 60.0 State: Available false AnalystStaff name: Ela Experience level: 7 Retainer: 200 Hourly rate 20.0 State: Available ProgrammerStaff name: Gita Experience level: 2 Retainer: 200 Hourly rate 20.0 State: Available Programmer
Now adding objects to the collections...
Now adding objects to the collections...
Setting all staff available
Now adding objects to the collections...
Now adding objects to the collections...
Setting all staff available
Staff name: Dan Experience level: 2 Retainer: 300 Hourly rate 20.0 State: Available ProgrammerStaff name: Hela Experience level: 8 Retainer: 450 Hourly rate 40.0 State: Available false TechnicianStaff name: Bob Experience level: 2 Retainer: 100 Hourly rate 30.0 State: Available false TechnicianStaff name: Fela Experience level: 6 Retainer: 300 Hourly rate 90.0 State: Available false AnalystStaff name: Ceri Experience level: 4 Retainer: 250 Hourly rate 40.0 State: Available true TechnicianStaff name: Alan Experience level: 2 Retainer: 300 Hourly rate 30.0 State: Available false AnalystStaff name: Ian Experience level: 4 Retainer: 300 Hourly rate 60.0 State: Available false AnalystStaff name: Ela Experience level: 7 Retainer: 200 Hourly rate 20.0 State: Available ProgrammerStaff name: Gita Experience level: 2 Retainer: 200 Hourly rate 20.0 State: Available Programmer
Now adding objects to the collections...
Now adding objects to the collections...
Setting all staff available
Now adding objects to the collections...
Now adding objects to the collections...
Setting all staff available
Now adding objects to the collections...
Now adding objects to the collections...
Setting all staff available
Now adding objects to the collections...
Now adding objects to the collections...
Setting all staff available
Now adding objects to the collections...
Now adding objects to the collections...
Setting all staff available
Now adding objects to the collections...
Now adding objects to the collections...
Setting all staff available
Now adding objects to the collections...
Now adding objects to the collections...
Setting all staff available
Staff name: Dan Experience level: 2 Retainer: 300 Hourly rate 20.0 State: Available ProgrammerStaff name: Hela Experience level: 8 Retainer: 450 Hourly rate 40.0 State: Available false TechnicianStaff name: Bob Experience level: 2 Retainer: 100 Hourly rate 30.0 State: Available false TechnicianStaff name: Fela Experience level: 6 Retainer: 300 Hourly rate 90.0 State: Available false AnalystStaff name: Ceri Experience level: 4 Retainer: 250 Hourly rate 40.0 State: Available true TechnicianStaff name: Alan Experience level: 2 Retainer: 300 Hourly rate 30.0 State: Available false AnalystStaff name: Ian Experience level: 4 Retainer: 300 Hourly rate 60.0 State: Available false AnalystStaff name: Ela Experience level: 7 Retainer: 200 Hourly rate 20.0 State: Available ProgrammerStaff name: Gita Experience level: 2 Retainer: 200 Hourly rate 20.0 State: Available Programmer
Now adding objects to the collections...
Now adding objects to the collections...
Setting all staff available
Now adding objects to the collections...
Now adding objects to the collections...
Setting all staff available
Now adding objects to the collections...
Now adding objects to the collections...
Setting all staff available
]]></system-out>
  <system-err><![CDATA[]]></system-err>
</testsuite>
